NAME: ekl-prometheus
LAST DEPLOYED: Sun Aug 18 21:01:23 2024
NAMESPACE: ekl-prometheus
STATUS: deployed
REVISION: 1
TEST SUITE: None
NOTES:
The Prometheus server can be accessed via port 80 on the following DNS name from within your cluster:
ekl-prometheus-server.ekl-prometheus.svc.cluster.local


Get the Prometheus server URL by running these commands in the same shell:
  export POD_NAME=$(kubectl get pods --namespace ekl-prometheus -l "app.kubernetes.io/name=prometheus,app.kubernetes.io/instance=ekl-prometheus" -o jsonpath="{.items[0].metadata.name}")
  kubectl --namespace ekl-prometheus port-forward $POD_NAME 9090


The Prometheus alertmanager can be accessed via port 9093 on the following DNS name from within your cluster:
ekl-prometheus-alertmanager.ekl-prometheus.svc.cluster.local


Get the Alertmanager URL by running these commands in the same shell:
  export POD_NAME=$(kubectl get pods --namespace ekl-prometheus -l "app.kubernetes.io/name=alertmanager,app.kubernetes.io/instance=ekl-prometheus" -o jsonpath="{.items[0].metadata.name}")
  kubectl --namespace ekl-prometheus port-forward $POD_NAME 9093
#################################################################################
######   WARNING: Pod Security Policy has been disabled by default since    #####
######            it deprecated after k8s 1.25+. use                        #####
######            (index .Values "prometheus-node-exporter" "rbac"          #####
###### .          "pspEnabled") with (index .Values                         #####
######            "prometheus-node-exporter" "rbac" "pspAnnotations")       #####
######            in case you still need it.                                #####
#################################################################################


The Prometheus PushGateway can be accessed via port 9091 on the following DNS name from within your cluster:
ekl-prometheus-prometheus-pushgateway.ekl-prometheus.svc.cluster.local


Get the PushGateway URL by running these commands in the same shell:
  export POD_NAME=$(kubectl get pods --namespace ekl-prometheus -l "app=prometheus-pushgateway,component=pushgateway" -o jsonpath="{.items[0].metadata.name}")
  kubectl --namespace ekl-prometheus port-forward $POD_NAME 9091

For more information on running Prometheus, visit:
https://prometheus.io/
